0 info it worked if it ends with ok
1 verbose cli [ 'C:\\Program Files\\nodejs\\node.exe',
1 verbose cli   'C:\\Program Files\\nodejs\\node_modules\\npm\\bin\\npm-cli.js',
1 verbose cli   'run',
1 verbose cli   'build-snapshot' ]
2 info using npm@3.10.10
3 info using node@v6.12.3
4 verbose run-script [ 'prebuild-snapshot', 'build-snapshot', 'postbuild-snapshot' ]
5 info lifecycle @savantly/sprout-web-ui@1.5.0-SNAPSHOT~prebuild-snapshot: @savantly/sprout-web-ui@1.5.0-SNAPSHOT
6 silly lifecycle @savantly/sprout-web-ui@1.5.0-SNAPSHOT~prebuild-snapshot: no script for prebuild-snapshot, continuing
7 info lifecycle @savantly/sprout-web-ui@1.5.0-SNAPSHOT~build-snapshot: @savantly/sprout-web-ui@1.5.0-SNAPSHOT
8 verbose lifecycle @savantly/sprout-web-ui@1.5.0-SNAPSHOT~build-snapshot: unsafe-perm in lifecycle true
9 verbose lifecycle @savantly/sprout-web-ui@1.5.0-SNAPSHOT~build-snapshot: PATH: C:\Program Files\nodejs\node_modules\npm\bin\node-gyp-bin;C:\git\sprout-platform\web\sprout-web-ui\node_modules\.bin;C:\Program Files\Java\jdk1.8.0_161\jre\bin;C:/Program Files/Java/jdk1.8.0_161/jre/bin/server;C:/Program Files/Java/jdk1.8.0_161/jre/bin;C:/Program Files/Java/jdk1.8.0_161/jre/lib/amd64;C:\Program Files (x86)\Intel\Intel(R) Management Engine Components\iCLS\;C:\Program Files\Intel\Intel(R) Management Engine Components\iCLS\;C:\windows\system32;C:\windows;C:\windows\System32\Wbem;C:\windows\System32\WindowsPowerShell\v1.0\;C:\Program Files (x86)\NVIDIA Corporation\PhysX\Common;C:\WINDOWS\system32;C:\WINDOWS;C:\WINDOWS\System32\Wbem;C:\WINDOWS\System32\WindowsPowerShell\v1.0\;C:\Program Files\MATLAB\R2017b\bin;C:\Program Files (x86)\Intel\Intel(R) Management Engine Components\DAL;C:\Program Files\Intel\Intel(R) Management Engine Components\DAL;C:\Program Files (x86)\Intel\Intel(R) Management Engine Components\IPT;C:\Program Files\Intel\Intel(R) Management Engine Components\IPT;C:\Program Files (x86)\Yarn\bin;C:\Program Files (x86)\Windows Kits\8.1\Windows Performance Toolkit\;C:\Users\JDBra\.windows-build-tools\python27;C:\Program Files\Git\cmd;C:\Program Files\Java\jdk1.8.0_161\bin;C:\Program Files\nodejs\;C:\opt\apache-maven-3.5.2\bin\;C:\Program Files\Intel\WiFi\bin\;C:\Program Files\Common Files\Intel\WirelessCommon\;C:\Users\JDBra\AppData\Local\Microsoft\WindowsApps;C:\Users\JDBra\AppData\Local\Yarn\bin;C:\Users\JDBra\AppData\Roaming\npm;.\node_modules\bin;;C:\Users\JDBra\Desktop;
10 verbose lifecycle @savantly/sprout-web-ui@1.5.0-SNAPSHOT~build-snapshot: CWD: C:\git\sprout-platform\web\sprout-web-ui
11 silly lifecycle @savantly/sprout-web-ui@1.5.0-SNAPSHOT~build-snapshot: Args: [ '/d /s /c',
11 silly lifecycle   'rimraf dist && webpack --bail --display-error-details --devtool eval-source-map' ]
12 silly lifecycle @savantly/sprout-web-ui@1.5.0-SNAPSHOT~build-snapshot: Returned: code: 2  signal: null
13 info lifecycle @savantly/sprout-web-ui@1.5.0-SNAPSHOT~build-snapshot: Failed to exec build-snapshot script
14 verbose stack Error: @savantly/sprout-web-ui@1.5.0-SNAPSHOT build-snapshot: `rimraf dist && webpack --bail --display-error-details --devtool eval-source-map`
14 verbose stack Exit status 2
14 verbose stack     at EventEmitter.<anonymous> (C:\Program Files\nodejs\node_modules\npm\lib\utils\lifecycle.js:255:16)
14 verbose stack     at emitTwo (events.js:106:13)
14 verbose stack     at EventEmitter.emit (events.js:191:7)
14 verbose stack     at ChildProcess.<anonymous> (C:\Program Files\nodejs\node_modules\npm\lib\utils\spawn.js:40:14)
14 verbose stack     at emitTwo (events.js:106:13)
14 verbose stack     at ChildProcess.emit (events.js:191:7)
14 verbose stack     at maybeClose (internal/child_process.js:920:16)
14 verbose stack     at Process.ChildProcess._handle.onexit (internal/child_process.js:230:5)
15 verbose pkgid @savantly/sprout-web-ui@1.5.0-SNAPSHOT
16 verbose cwd C:\git\sprout-platform\web\sprout-web-ui
17 error Windows_NT 10.0.16299
18 error argv "C:\\Program Files\\nodejs\\node.exe" "C:\\Program Files\\nodejs\\node_modules\\npm\\bin\\npm-cli.js" "run" "build-snapshot"
19 error node v6.12.3
20 error npm  v3.10.10
21 error code ELIFECYCLE
22 error @savantly/sprout-web-ui@1.5.0-SNAPSHOT build-snapshot: `rimraf dist && webpack --bail --display-error-details --devtool eval-source-map`
22 error Exit status 2
23 error Failed at the @savantly/sprout-web-ui@1.5.0-SNAPSHOT build-snapshot script 'rimraf dist && webpack --bail --display-error-details --devtool eval-source-map'.
23 error Make sure you have the latest version of node.js and npm installed.
23 error If you do, this is most likely a problem with the @savantly/sprout-web-ui package,
23 error not with npm itself.
23 error Tell the author that this fails on your system:
23 error     rimraf dist && webpack --bail --display-error-details --devtool eval-source-map
23 error You can get information on how to open an issue for this project with:
23 error     npm bugs @savantly/sprout-web-ui
23 error Or if that isn't available, you can get their info via:
23 error     npm owner ls @savantly/sprout-web-ui
23 error There is likely additional logging output above.
24 verbose exit [ 1, true ]
